Determining if the pthread_create exist failed with the following output:
Change Dir: /home/jia/kinetic_workspace/sandbox/beginner_tutorials/build/CMakeFiles/CMakeTmp

Run Build Command:"/usr/bin/make" "cmTC_69a23/fast"
make[1]: Entering directory '/home/jia/kinetic_workspace/sandbox/beginner_tutorials/build/CMakeFiles/CMakeTmp'
/usr/bin/make -f CMakeFiles/cmTC_69a23.dir/build.make CMakeFiles/cmTC_69a23.dir/build
make[2]: Entering directory '/home/jia/kinetic_workspace/sandbox/beginner_tutorials/build/CMakeFiles/CMakeTmp'
Building C object CMakeFiles/cmTC_69a23.dir/CheckSymbolExists.c.o
/usr/bin/cc     -o CMakeFiles/cmTC_69a23.dir/CheckSymbolExists.c.o   -c /home/jia/kinetic_workspace/sandbox/beginner_tutorials/build/CMakeFiles/CMakeTmp/CheckSymbolExists.c
Linking C executable cmTC_69a23
/usr/bin/cmake -E cmake_link_script CMakeFiles/cmTC_69a23.dir/link.txt --verbose=1
/usr/bin/cc       CMakeFiles/cmTC_69a23.dir/CheckSymbolExists.c.o  -o cmTC_69a23 -rdynamic 
CMakeFiles/cmTC_69a23.dir/CheckSymbolExists.c.o: In function `main':
CheckSymbolExists.c:(.text+0x16): undefined reference to `pthread_create'
collect2: error: ld returned 1 exit status
CMakeFiles/cmTC_69a23.dir/build.make:97: recipe for target 'cmTC_69a23' failed
make[2]: *** [cmTC_69a23] Error 1
make[2]: Leaving directory '/home/jia/kinetic_workspace/sandbox/beginner_tutorials/build/CMakeFiles/CMakeTmp'
Makefile:126: recipe for target 'cmTC_69a23/fast' failed
make[1]: *** [cmTC_69a23/fast] Error 2
make[1]: Leaving directory '/home/jia/kinetic_workspace/sandbox/beginner_tutorials/build/CMakeFiles/CMakeTmp'

File /home/jia/kinetic_workspace/sandbox/beginner_tutorials/build/CMakeFiles/CMakeTmp/CheckSymbolExists.c:
/* */
#include <pthread.h>

int main(int argc, char** argv)
{
  (void)argv;
#ifndef pthread_create
  return ((int*)(&pthread_create))[argc];
#else
  (void)argc;
  return 0;
#endif
}

Determining if the function pthread_create exists in the pthreads failed with the following output:
Change Dir: /home/jia/kinetic_workspace/sandbox/beginner_tutorials/build/CMakeFiles/CMakeTmp

Run Build Command:"/usr/bin/make" "cmTC_f9e95/fast"
make[1]: Entering directory '/home/jia/kinetic_workspace/sandbox/beginner_tutorials/build/CMakeFiles/CMakeTmp'
/usr/bin/make -f CMakeFiles/cmTC_f9e95.dir/build.make CMakeFiles/cmTC_f9e95.dir/build
make[2]: Entering directory '/home/jia/kinetic_workspace/sandbox/beginner_tutorials/build/CMakeFiles/CMakeTmp'
Building C object CMakeFiles/cmTC_f9e95.dir/CheckFunctionExists.c.o
/usr/bin/cc    -DCHECK_FUNCTION_EXISTS=pthread_create   -o CMakeFiles/cmTC_f9e95.dir/CheckFunctionExists.c.o   -c /usr/share/cmake-3.5/Modules/CheckFunctionExists.c
Linking C executable cmTC_f9e95
/usr/bin/cmake -E cmake_link_script CMakeFiles/cmTC_f9e95.dir/link.txt --verbose=1
/usr/bin/cc   -DCHECK_FUNCTION_EXISTS=pthread_create    CMakeFiles/cmTC_f9e95.dir/CheckFunctionExists.c.o  -o cmTC_f9e95 -rdynamic -lpthreads 
/usr/bin/ld: cannot find -lpthreads
collect2: error: ld returned 1 exit status
CMakeFiles/cmTC_f9e95.dir/build.make:97: recipe for target 'cmTC_f9e95' failed
make[2]: *** [cmTC_f9e95] Error 1
make[2]: Leaving directory '/home/jia/kinetic_workspace/sandbox/beginner_tutorials/build/CMakeFiles/CMakeTmp'
Makefile:126: recipe for target 'cmTC_f9e95/fast' failed
make[1]: *** [cmTC_f9e95/fast] Error 2
make[1]: Leaving directory '/home/jia/kinetic_workspace/sandbox/beginner_tutorials/build/CMakeFiles/CMakeTmp'


